<?xml version="1.0" encoding="UTF-8"?>
<!-- Generated by org.testng.reporters.JUnitXMLReporter -->
<testsuite ignored="0" hostname="DESKTOP-9OGJC3E" failures="0" tests="5" name="Test" time="5.674" errors="0" timestamp="2022-05-19T21:18:06 PKT">
  <testcase classname="RestAssured_assignment" name="Del" time="2.476"/>
  <testcase classname="RestAssured_assignment" name="Fetch_User_LIST" time="1.267"/>
  <testcase classname="RestAssured_assignment" name="create_employee" time="0.664"/>
  <testcase classname="RestAssured_assignment" name="patch" time="0.606"/>
  <testcase classname="RestAssured_assignment" name="put" time="0.602"/>
</testsuite> <!-- Test -->
